date: 2015-07-15 00:15:06.795
argv: node /usr/local/bin/hexo generate
os: Linux 3.13.0-57-generic linux x64
version:
  hexo: 2.4.5
  http_parser: 1.0
  node: 0.10.25
  v8: 3.14.5.9
  ares: 1.9.0-DEV
  uv: 0.10.23
  zlib: 1.2.3
  modules: 11
  openssl: 1.0.1e
---

[debug] 00:15:05.821 Configuration file load successfully
[debug] 00:15:05.823 Version info checked successfully
[debug] 00:15:05.846 Loading database.
[debug] 00:15:05.886 Plugin loaded successfully: hexo-generator-feed
[debug] 00:15:05.901 Plugin loaded successfully: hexo-generator-sitemap
[debug] 00:15:05.923 Theme layout loaded
[debug] 00:15:05.968 Theme source loaded
[debug] 00:15:05.972 Theme configuration loaded
[debug] 00:15:05.976 Processed: _posts/hello-world.md123
[debug] 00:15:06.041 Processed: attachment/avrdude.pdf
[debug] 00:15:06.042 Processed: attachment/usb51.zip
[debug] 00:15:06.043 Processed: img/pika4.jpg
[debug] 00:15:06.044 Processed: img/pikadrink.jpg
[debug] 00:15:06.045 Processed: img/pikalog.jpg
[debug] 00:15:06.046 Processed: img/pikalogo2.jpg
[debug] 00:15:06.047 Processed: img/hexo/codecolor.png
[debug] 00:15:06.048 Processed: img/hexo/codecolor1.png
[debug] 00:15:06.050 Processed: img/hexo/codecolor2.png
[debug] 00:15:06.051 Processed: img/linux-avr-1/avarice.jpg
[debug] 00:15:06.052 Processed: img/linux-avr-1/ddd.jpg
[debug] 00:15:06.053 Processed: img/linux-avr-1/lsusb.png
[debug] 00:15:06.054 Processed: img/linux-avr-1/make.png
[debug] 00:15:06.055 Processed: img/linux-avr-1/makepro.jpg
[debug] 00:15:06.057 Processed: img/linux-avr-1/prook.jpg
[debug] 00:15:06.058 Processed: img/linux-avr-2/ee.jpg
[debug] 00:15:06.059 Processed: img/linux-avr-2/fues.png
[debug] 00:15:06.060 Processed: img/linux-avr-2/fuse2.jpg
[debug] 00:15:06.061 Processed: img/linux-avr-2/part2.jpg
[debug] 00:15:06.062 Processed: img/linux-avr-2/pro1.jpg
[debug] 00:15:06.066 Processed: img/linux-avr-2/pro2.jpg
[debug] 00:15:06.067 Processed: img/ubuntu-51-fir/hardware1.jpg
[debug] 00:15:06.068 Processed: img/ubuntu-51-fir/hardware2.jpg
[debug] 00:15:06.071 Theme language files loaded
[debug] 00:15:06.787 Processed: about/index.md
[debug] 00:15:06.787 Processed: _posts/hexo_codecolor.md
[debug] 00:15:06.788 Processed: _posts/linux-51-1.md
[debug] 00:15:06.788 Processed: _posts/linux-avr-1.md
[debug] 00:15:06.788 Processed: _posts/linux-avr-2.md
[debug] 00:15:06.788 Processed: _posts/say-hi.md
[error] 00:15:06.789 { rawMessage: 'Unable to parse.',
  parsedLine: 5,
  snippet: '--',
  parsedFile: null,
  message: 'Unable to parse.',
  domain: 
   { domain: null,
     _events: { error: [Function] },
     _maxListeners: 10,
     members: [],
     _disposed: true },
  domainThrown: true }